2021-02-26 13:14:32 INFO  GenerateCodeCoverageReport:57 - [GenerateCodeCoverageReport.main]:starts
2021-02-26 13:14:32 INFO  GenerateCodeCoverageReport:106 - [GenerateCodeCoverageReport.getRequestId]:starts
2021-02-26 13:14:32 INFO  GenerateCodeCoverageReport:127 - [GenerateCodeCoverageReport.getRequestId]:ends
2021-02-26 13:14:32 INFO  GenerateCodeCoverageReport:131 - [GenerateCodeCoverageReport.metadataLogin]:starts
2021-02-26 13:14:37 INFO  GenerateCodeCoverageReport:145 - [GenerateCodeCoverageReport.metadataLogin]:ends
2021-02-26 13:14:37 INFO  GenerateCodeCoverageReport:149 - [GenerateCodeCoverageReport.getRunTestResultInfo]:starts
2021-02-26 13:14:39 INFO  GenerateCodeCoverageReport:238 - [GenerateCodeCoverageReport.getRunTestResultInfo]:ends
2021-02-26 13:14:39 INFO  GenerateCodeCoverageReport:242 - [GenerateCodeCoverageReport.createCodeCoverageReport]:starts
2021-02-26 13:14:42 ERROR GenerateCodeCoverageReport:355 - GenerateCodeCoverageReport.Exception:java.io.FileNotFoundException: E:\CodeCoverageJob\target\Report_0Af4x00000F10EgCAJ_Failed.xlsx (The system cannot find the path specified)
2021-02-26 13:14:42 INFO  GenerateCodeCoverageReport:357 - [GenerateCodeCoverageReport.createCodeCoverageReport]:ends
2021-02-26 13:14:42 INFO  GenerateCodeCoverageReport:102 - [GenerateCodeCoverageReport.main]:ends
2021-02-26 17:23:57 INFO  GenerateCodeCoverageReport:57 - [GenerateCodeCoverageReport.main]:starts
2021-02-26 17:23:57 INFO  GenerateCodeCoverageReport:57 - [GenerateCodeCoverageReport.main]:starts
2021-02-26 17:23:57 INFO  GenerateCodeCoverageReport:106 - [GenerateCodeCoverageReport.getRequestId]:starts
2021-02-26 17:23:57 INFO  GenerateCodeCoverageReport:106 - [GenerateCodeCoverageReport.getRequestId]:starts
2021-02-26 17:23:58 INFO  GenerateCodeCoverageReport:127 - [GenerateCodeCoverageReport.getRequestId]:ends
2021-02-26 17:23:58 INFO  GenerateCodeCoverageReport:131 - [GenerateCodeCoverageReport.metadataLogin]:starts
2021-02-26 17:23:58 INFO  GenerateCodeCoverageReport:127 - [GenerateCodeCoverageReport.getRequestId]:ends
2021-02-26 17:23:58 INFO  GenerateCodeCoverageReport:131 - [GenerateCodeCoverageReport.metadataLogin]:starts
2021-02-26 17:24:04 INFO  GenerateCodeCoverageReport:145 - [GenerateCodeCoverageReport.metadataLogin]:ends
2021-02-26 17:24:04 INFO  GenerateCodeCoverageReport:149 - [GenerateCodeCoverageReport.getRunTestResultInfo]:starts
2021-02-26 17:24:04 INFO  GenerateCodeCoverageReport:145 - [GenerateCodeCoverageReport.metadataLogin]:ends
2021-02-26 17:24:04 INFO  GenerateCodeCoverageReport:149 - [GenerateCodeCoverageReport.getRunTestResultInfo]:starts
2021-02-26 17:24:06 INFO  GenerateCodeCoverageReport:238 - [GenerateCodeCoverageReport.getRunTestResultInfo]:ends
2021-02-26 17:24:06 INFO  GenerateCodeCoverageReport:238 - [GenerateCodeCoverageReport.getRunTestResultInfo]:ends
2021-02-26 17:24:06 INFO  GenerateCodeCoverageReport:242 - [GenerateCodeCoverageReport.createCodeCoverageReport]:starts
2021-02-26 17:24:06 INFO  GenerateCodeCoverageReport:242 - [GenerateCodeCoverageReport.createCodeCoverageReport]:starts
2021-02-26 17:24:09 INFO  GenerateCodeCoverageReport:357 - [GenerateCodeCoverageReport.createCodeCoverageReport]:ends
2021-02-26 17:24:09 INFO  GenerateCodeCoverageReport:102 - [GenerateCodeCoverageReport.main]:ends
2021-02-26 17:24:09 INFO  GenerateCodeCoverageReport:357 - [GenerateCodeCoverageReport.createCodeCoverageReport]:ends
2021-02-26 17:24:09 INFO  GenerateCodeCoverageReport:102 - [GenerateCodeCoverageReport.main]:ends
2021-02-26 17:25:55 INFO  GenerateCodeCoverageReport:57 - [GenerateCodeCoverageReport.main]:starts
2021-02-26 17:25:55 INFO  GenerateCodeCoverageReport:106 - [GenerateCodeCoverageReport.getRequestId]:starts
2021-02-26 17:25:55 INFO  GenerateCodeCoverageReport:127 - [GenerateCodeCoverageReport.getRequestId]:ends
2021-02-26 17:25:55 INFO  GenerateCodeCoverageReport:131 - [GenerateCodeCoverageReport.metadataLogin]:starts
2021-02-26 17:25:58 INFO  GenerateCodeCoverageReport:145 - [GenerateCodeCoverageReport.metadataLogin]:ends
2021-02-26 17:25:58 INFO  GenerateCodeCoverageReport:149 - [GenerateCodeCoverageReport.getRunTestResultInfo]:starts
2021-02-26 17:25:59 INFO  GenerateCodeCoverageReport:238 - [GenerateCodeCoverageReport.getRunTestResultInfo]:ends
2021-02-26 17:25:59 INFO  GenerateCodeCoverageReport:242 - [GenerateCodeCoverageReport.createCodeCoverageReport]:starts
2021-02-26 17:26:00 INFO  GenerateCodeCoverageReport:357 - [GenerateCodeCoverageReport.createCodeCoverageReport]:ends
2021-02-26 17:26:00 INFO  GenerateCodeCoverageReport:102 - [GenerateCodeCoverageReport.main]:ends
2021-02-26 18:38:56 INFO  GenerateCodeCoverageReport:57 - [GenerateCodeCoverageReport.main]:starts
2021-02-26 18:38:56 INFO  GenerateCodeCoverageReport:106 - [GenerateCodeCoverageReport.getRequestId]:starts
2021-02-26 18:38:56 INFO  GenerateCodeCoverageReport:127 - [GenerateCodeCoverageReport.getRequestId]:ends
2021-02-26 18:38:56 INFO  GenerateCodeCoverageReport:131 - [GenerateCodeCoverageReport.metadataLogin]:starts
2021-02-26 18:39:00 INFO  GenerateCodeCoverageReport:145 - [GenerateCodeCoverageReport.metadataLogin]:ends
2021-02-26 18:39:00 INFO  GenerateCodeCoverageReport:149 - [GenerateCodeCoverageReport.getRunTestResultInfo]:starts
2021-02-26 18:39:01 INFO  GenerateCodeCoverageReport:238 - [GenerateCodeCoverageReport.getRunTestResultInfo]:ends
2021-02-26 18:39:01 WARN  GenerateCodeCoverageReport:89 - No information about the success or failure of the associated deploy call.Hence, no code coverage report generated
2021-02-26 18:39:01 INFO  GenerateCodeCoverageReport:102 - [GenerateCodeCoverageReport.main]:ends
2021-02-26 18:41:25 INFO  GenerateCodeCoverageReport:57 - [GenerateCodeCoverageReport.main]:starts
2021-02-26 18:41:25 INFO  GenerateCodeCoverageReport:106 - [GenerateCodeCoverageReport.getRequestId]:starts
2021-02-26 18:41:25 INFO  GenerateCodeCoverageReport:127 - [GenerateCodeCoverageReport.getRequestId]:ends
2021-02-26 18:41:25 INFO  GenerateCodeCoverageReport:131 - [GenerateCodeCoverageReport.metadataLogin]:starts
2021-02-26 18:41:32 INFO  GenerateCodeCoverageReport:145 - [GenerateCodeCoverageReport.metadataLogin]:ends
2021-02-26 18:41:32 INFO  GenerateCodeCoverageReport:149 - [GenerateCodeCoverageReport.getRunTestResultInfo]:starts
2021-02-26 18:41:33 INFO  GenerateCodeCoverageReport:238 - [GenerateCodeCoverageReport.getRunTestResultInfo]:ends
2021-02-26 18:41:33 INFO  GenerateCodeCoverageReport:242 - [GenerateCodeCoverageReport.createCodeCoverageReport]:starts
2021-02-26 18:41:35 INFO  GenerateCodeCoverageReport:357 - [GenerateCodeCoverageReport.createCodeCoverageReport]:ends
2021-02-26 18:41:35 INFO  GenerateCodeCoverageReport:102 - [GenerateCodeCoverageReport.main]:ends
2021-02-26 19:04:27 INFO  GenerateCodeCoverageReport:57 - [GenerateCodeCoverageReport.main]:starts
2021-02-26 19:04:27 INFO  GenerateCodeCoverageReport:106 - [GenerateCodeCoverageReport.getRequestId]:starts
2021-02-26 19:04:27 INFO  GenerateCodeCoverageReport:127 - [GenerateCodeCoverageReport.getRequestId]:ends
2021-02-26 19:04:27 INFO  GenerateCodeCoverageReport:131 - [GenerateCodeCoverageReport.metadataLogin]:starts
2021-02-26 19:04:30 INFO  GenerateCodeCoverageReport:145 - [GenerateCodeCoverageReport.metadataLogin]:ends
2021-02-26 19:04:30 INFO  GenerateCodeCoverageReport:149 - [GenerateCodeCoverageReport.getRunTestResultInfo]:starts
2021-02-26 19:04:31 INFO  GenerateCodeCoverageReport:238 - [GenerateCodeCoverageReport.getRunTestResultInfo]:ends
2021-02-26 19:04:31 WARN  GenerateCodeCoverageReport:89 - No information about the success or failure of the associated deploy call.Hence, no code coverage report generated
2021-02-26 19:04:31 INFO  GenerateCodeCoverageReport:102 - [GenerateCodeCoverageReport.main]:ends
2021-02-26 19:20:48 INFO  GenerateCodeCoverageReport:57 - [GenerateCodeCoverageReport.main]:starts
2021-02-26 19:20:48 INFO  GenerateCodeCoverageReport:106 - [GenerateCodeCoverageReport.getRequestId]:starts
2021-02-26 19:20:48 INFO  GenerateCodeCoverageReport:127 - [GenerateCodeCoverageReport.getRequestId]:ends
2021-02-26 19:20:48 INFO  GenerateCodeCoverageReport:131 - [GenerateCodeCoverageReport.metadataLogin]:starts
2021-02-26 19:20:51 INFO  GenerateCodeCoverageReport:145 - [GenerateCodeCoverageReport.metadataLogin]:ends
2021-02-26 19:20:51 INFO  GenerateCodeCoverageReport:149 - [GenerateCodeCoverageReport.getRunTestResultInfo]:starts
2021-02-26 19:20:52 INFO  GenerateCodeCoverageReport:238 - [GenerateCodeCoverageReport.getRunTestResultInfo]:ends
2021-02-26 19:20:52 WARN  GenerateCodeCoverageReport:89 - No information about the success or failure of the associated deploy call.Hence, no code coverage report generated
2021-02-26 19:20:52 INFO  GenerateCodeCoverageReport:102 - [GenerateCodeCoverageReport.main]:ends
2021-02-26 19:22:25 INFO  GenerateCodeCoverageReport:57 - [GenerateCodeCoverageReport.main]:starts
2021-02-26 19:22:25 INFO  GenerateCodeCoverageReport:106 - [GenerateCodeCoverageReport.getRequestId]:starts
2021-02-26 19:22:25 INFO  GenerateCodeCoverageReport:127 - [GenerateCodeCoverageReport.getRequestId]:ends
2021-02-26 19:22:25 INFO  GenerateCodeCoverageReport:131 - [GenerateCodeCoverageReport.metadataLogin]:starts
2021-02-26 19:22:28 INFO  GenerateCodeCoverageReport:145 - [GenerateCodeCoverageReport.metadataLogin]:ends
2021-02-26 19:22:28 INFO  GenerateCodeCoverageReport:149 - [GenerateCodeCoverageReport.getRunTestResultInfo]:starts
2021-02-26 19:22:29 INFO  GenerateCodeCoverageReport:238 - [GenerateCodeCoverageReport.getRunTestResultInfo]:ends
2021-02-26 19:22:29 WARN  GenerateCodeCoverageReport:89 - No information about the success or failure of the associated deploy call.Hence, no code coverage report generated
2021-02-26 19:22:29 INFO  GenerateCodeCoverageReport:102 - [GenerateCodeCoverageReport.main]:ends
